<?xml version="1.0" encoding="UTF-8"?>
<!-- Generated by org.testng.reporters.JUnitReportReporter -->
<testsuite hostname="EC2AMAZ-S11DBRH" failures="0" tests="1" name="runner.GooglePageRunner" time="6.097" errors="0" timestamp="2023-07-24T07:54:15 GMT" skipped="0">
  <testcase classname="runner.GooglePageRunner" name="runScenario" time="6.097"/>
  <system-out/>
</testsuite> <!-- runner.GooglePageRunner -->
